2025-08-24 16:19:53 [ERROR]: Failed to start server: MONGO_URI not set in .env
2025-08-24 16:23:12 [INFO]: MongoDB connected: localhost
2025-08-24 16:23:12 [INFO]: Server running on port 5000
2025-08-24 16:27:52 [INFO]: MongoDB connected: localhost
2025-08-24 16:27:52 [INFO]: Server running on port 5000
2025-08-24 16:33:31 [INFO]: GET /api/agents - 2025-08-24T11:03:31.660Z
2025-08-24 16:37:23 [INFO]: MongoDB connected: localhost
2025-08-24 16:42:58 [INFO]: MongoDB connected: localhost
2025-08-24 16:42:58 [INFO]: Server running on port 5001
2025-08-24 16:49:46 [INFO]: MongoDB connected: localhost
2025-08-24 16:49:46 [INFO]: Server running on port 5001
2025-08-24 16:49:55 [INFO]: MongoDB connected: localhost
2025-08-24 16:52:35 [INFO]: MongoDB connected: localhost
2025-08-24 16:52:35 [INFO]: Server running on port 5002
2025-08-24 17:05:23 [INFO]: MongoDB connected: localhost
2025-08-24 17:05:23 [INFO]: MongoDB connected: localhost
2025-08-24 17:05:23 [INFO]: Server running on http://127.0.0.1:5002
2025-08-24 17:06:07 [INFO]: MongoDB connected: localhost
2025-08-24 17:07:56 [INFO]: MongoDB connected: localhost
2025-08-24 17:07:56 [INFO]: Server running on http://127.0.0.1:5002
2025-08-24 17:10:29 [INFO]: GET /health - 2025-08-24T11:40:29.492Z
2025-08-24 17:12:58 [INFO]: GET /api/agents - 2025-08-24T11:42:58.471Z
2025-08-24 17:13:14 [INFO]: GET /api/sessions - 2025-08-24T11:43:14.779Z
2025-08-24 17:26:11 [INFO]: MongoDB connected: localhost
2025-08-24 17:26:11 [INFO]: MongoDB connected: localhost
2025-08-24 17:26:11 [INFO]: Server running on http://127.0.0.1:5002
2025-08-24 17:30:06 [INFO]: MongoDB connected: localhost
2025-08-24 17:30:06 [INFO]: MongoDB connected: localhost
2025-08-24 17:30:06 [INFO]: 🚀 Server running on http://127.0.0.1:5002
2025-08-24 17:30:27 [INFO]: GET /api/sessions - 2025-08-24T12:00:27.076Z
2025-08-24 17:30:42 [INFO]: GET /api/agents - 2025-08-24T12:00:42.624Z
2025-08-24 17:32:08 [INFO]: MongoDB connected: localhost
2025-08-24 17:32:08 [INFO]: MongoDB connected: localhost
2025-08-24 17:32:08 [INFO]: 🚀 Server running on http://127.0.0.1:5002
2025-08-24 17:32:41 [INFO]: GET /api/sessions - 2025-08-24T12:02:41.024Z
2025-08-24 17:35:16 [INFO]: GET /api/agents - 2025-08-24T12:05:16.871Z
2025-08-24 17:35:48 [INFO]: GET /api/sessions - 2025-08-24T12:05:48.336Z
2025-08-24 17:36:05 [INFO]: GET /api/agents - 2025-08-24T12:06:05.497Z
2025-08-24 17:40:50 [INFO]: GET /api/agents - 2025-08-24T12:10:50.196Z
2025-08-24 17:43:23 [INFO]: GET /api/agents - 2025-08-24T12:13:23.801Z
2025-08-24 17:44:56 [INFO]: GET /api/agents - 2025-08-24T12:14:56.463Z
2025-08-24 17:48:47 [INFO]: GET /api/agents - 2025-08-24T12:18:47.001Z
2025-08-24 17:50:08 [INFO]: GET /api/agents?apiKey=supersecretkey - 2025-08-24T12:20:08.676Z
2025-08-24 17:50:08 [INFO]: GET /favicon.ico - 2025-08-24T12:20:08.796Z
2025-08-24 17:53:37 [INFO]: GET /api/agents?apiKey=supersecretkey - 2025-08-24T12:23:37.947Z
2025-08-24 17:53:40 [INFO]: GET /api/agents?apiKey=supersecretkey - 2025-08-24T12:23:40.899Z
2025-08-24 17:58:46 [INFO]: GET /api/agents?apiKey=supersecretkey - 2025-08-24T12:28:46.285Z
2025-08-24 17:58:49 [INFO]: GET /api/agents?apiKey=supersecretkey - 2025-08-24T12:28:49.441Z
2025-08-24 17:58:50 [INFO]: GET /api/agents?apiKey=supersecretkey - 2025-08-24T12:28:50.404Z
2025-08-24 18:16:46 [INFO]: POST /api/agents - 2025-08-24T12:46:46.748Z
2025-08-24 18:17:43 [INFO]: GET /api/agents - 2025-08-24T12:47:43.659Z
2025-08-24 18:19:48 [INFO]: GET /api/messages/SESSION_ID - 2025-08-24T12:49:48.624Z
2025-08-24 18:27:53 [INFO]: POST /api/agents - 2025-08-24T12:57:53.247Z
2025-08-24 18:28:33 [INFO]: POST /api/agents - 2025-08-24T12:58:33.671Z
2025-08-24 18:28:43 [INFO]: POST /api/agents - 2025-08-24T12:58:43.693Z
2025-08-24 18:29:04 [INFO]: GET /api/agents - 2025-08-24T12:59:04.382Z
2025-08-24 18:29:36 [INFO]: POST /api/start-session - 2025-08-24T12:59:36.375Z
2025-08-24 18:29:55 [INFO]: GET /api/messages/c630e13b-0e64-494e-b26d-6517b3aa391f - 2025-08-24T12:59:55.470Z
2025-08-24 18:30:15 [INFO]: POST /api/messages - 2025-08-24T13:00:15.910Z
2025-08-24 18:33:05 [INFO]: GET /api/agents?apiKey=supersecretkey - 2025-08-24T13:03:05.232Z
2025-08-24 18:33:11 [INFO]: GET /api/agents?apiKey=supersecretkey - 2025-08-24T13:03:11.312Z
2025-08-25 06:11:29 [INFO]: POST /api/sessions/c630e13b-0e64-494e-b26d-6517b3aa391f/messages - 2025-08-25T00:41:29.788Z
2025-08-25 06:24:15 [INFO]: MongoDB connected: localhost
2025-08-25 06:24:15 [INFO]: MongoDB connected: localhost
2025-08-25 06:24:15 [INFO]: 🚀 Server running on http://127.0.0.1:5002
2025-08-25 06:24:47 [INFO]: POST /api/messages - 2025-08-25T00:54:46.996Z
2025-08-25 06:25:50 [INFO]: GET /api/messages/c630e13b-0e64-494e-b26d-6517b3aa391f - 2025-08-25T00:55:50.903Z
2025-08-25 06:27:02 [INFO]: POST /api/end-session/c630e13b-0e64-494e-b26d-6517b3aa391f - 2025-08-25T00:57:02.202Z
2025-08-25 06:59:32 [INFO]: GET /api/sessions - 2025-08-25T01:29:32.659Z
2025-08-25 06:59:57 [INFO]: POST /api/messages - 2025-08-25T01:29:57.839Z
2025-08-25 07:00:09 [INFO]: GET /api/messages/c630e13b-0e64-494e-b26d-6517b3aa391f - 2025-08-25T01:30:09.013Z
2025-08-25 07:13:14 [INFO]: GET /health - 2025-08-25T01:43:14.515Z
2025-08-25 07:14:13 [INFO]: POST /start-session - 2025-08-25T01:44:13.094Z
2025-08-25 07:17:11 [INFO]: POST /start-session - 2025-08-25T01:47:11.272Z
2025-08-25 07:20:17 [INFO]: GET /health - 2025-08-25T01:50:17.023Z
2025-08-25 07:23:16 [INFO]: POST /api/messages - 2025-08-25T01:53:16.612Z
2025-08-25 07:25:32 [INFO]: POST /api/sessions - 2025-08-25T01:55:32.959Z
2025-08-25 07:27:09 [INFO]: GET /api/sessions - 2025-08-25T01:57:09.843Z
2025-08-25 07:32:51 [INFO]: GET /health - 2025-08-25T02:02:51.317Z
2025-08-25 07:33:08 [INFO]: POST /api/agents - 2025-08-25T02:03:08.989Z
2025-08-25 07:33:20 [INFO]: GET /api/agents - 2025-08-25T02:03:20.529Z
2025-08-25 07:34:02 [INFO]: POST /api/start-session - 2025-08-25T02:04:02.493Z
2025-08-25 07:34:24 [INFO]: GET /api/messages/b85816af-a993-42bd-bd10-81822c10a162 - 2025-08-25T02:04:24.345Z
2025-08-25 07:34:37 [INFO]: POST /api/messages - 2025-08-25T02:04:37.125Z
2025-08-25 07:34:51 [INFO]: GET /api/messages/b85816af-a993-42bd-bd10-81822c10a162 - 2025-08-25T02:04:51.956Z
2025-08-25 07:35:09 [INFO]: POST /api/end-session/b85816af-a993-42bd-bd10-81822c10a162 - 2025-08-25T02:05:09.584Z
2025-08-25 07:35:22 [INFO]: GET /api/sessions - 2025-08-25T02:05:22.834Z
2025-08-25 09:28:17 [INFO]: MongoDB connected: localhost
2025-08-25 09:28:17 [INFO]: MongoDB connected: localhost
2025-08-25 09:28:17 [INFO]: 🚀 Server running on http://127.0.0.1:5002
2025-08-25 09:28:49 [INFO]: MongoDB connected: localhost
2025-08-25 09:28:49 [INFO]: 🚀 Server running on http://127.0.0.1:5002
2025-08-25 21:49:52 [INFO]: MongoDB connected: localhost
2025-08-25 21:49:52 [INFO]: 🚀 Server running on http://127.0.0.1:5002
